<?xml version="1.0" encoding="UTF-8"?>
<testsuite xmlns:xsi="http://www.w3.org/2001/XMLSchema-instance" xsi:noNamespaceSchemaLocation="https://maven.apache.org/surefire/maven-surefire-plugin/xsd/surefire-test-report.xsd" name="ru.stqa.maven.AppTest" time="6.769" tests="1" errors="1" skipped="0" failures="0">
  <properties>
[...]
</properties>
  <testcase name="myFirstTest" classname="ru.stqa.maven.AppTest" time="6.681">
    <error message="element click intercepted: Element &lt;input class=&quot;gNO89b&quot; value=&quot;Поиск в Google&quot; aria-label=&quot;Поиск в Google&quot; name=&quot;btnK&quot; type=&quot;submit&quot; data-ved=&quot;0ahUKEwi16tbCmZ7tAhXql4sKHQ8QAWQQ4dUDCAc&quot;&gt; is not clickable at point (443, 524). Other element would receive the click: &lt;a class=&quot;Fx4vi&quot; href=&quot;https://google.com/search/howsearchworks/?fg=1&quot;&gt;...&lt;/a&gt;&#10;  (Session info: chrome=87.0.4280.66)&#10;Build info: version: &apos;3.141.59&apos;, revision: &apos;e82be7d358&apos;, time: &apos;2018-11-14T08:17:03&apos;&#10;System info: host: &apos;LAPTOP-LAIS9I0I&apos;, ip: &apos;192.168.0.76&apos;, os.name: &apos;Windows 10&apos;, os.arch: &apos;amd64&apos;, os.version: &apos;10.0&apos;, java.version: &apos;15&apos;&#10;Driver info: org.openqa.selenium.chrome.ChromeDriver&#10;Capabilities {acceptInsecureCerts: false, browserName: chrome, browserVersion: 87.0.4280.66, chrome: {chromedriverVersion: 86.0.4240.22 (398b0743353ff..., userDataDir: C:\Users\newst\AppData\Loca...}, goog:chromeOptions: {debuggerAddress: localhost:60933}, javascriptEnabled: true, networkConnectionEnabled: false, pageLoadStrategy: normal, platform: WINDOWS, platformName: WINDOWS, proxy: Proxy(), setWindowRect: true, strictFileInteractability: false, timeouts: {implicit: 0, pageLoad: 300000, script: 30000}, unhandledPromptBehavior: dismiss and notify, webauthn:virtualAuthenticators: true}&#10;Session ID: abda516d483ec10e08e99affd2a323fc" type="org.openqa.selenium.ElementClickInterceptedException"><![CDATA[org.openqa.selenium.ElementClickInterceptedException: 
element click intercepted: Element <input class="gNO89b" value="Поиск в Google" aria-label="Поиск в Google" name="btnK" type="submit" data-ved="0ahUKEwi16tbCmZ7tAhXql4sKHQ8QAWQQ4dUDCAc"> is not clickable at point (443, 524). Other element would receive the click: <a class="Fx4vi" href="https://google.com/search/howsearchworks/?fg=1">...</a>
  (Session info: chrome=87.0.4280.66)
Build info: version: '3.141.59', revision: 'e82be7d358', time: '2018-11-14T08:17:03'
System info: host: 'LAPTOP-LAIS9I0I', ip: '192.168.0.76', os.name: 'Windows 10', os.arch: 'amd64', os.version: '10.0', java.version: '15'
Driver info: org.openqa.selenium.chrome.ChromeDriver
Capabilities {acceptInsecureCerts: false, browserName: chrome, browserVersion: 87.0.4280.66, chrome: {chromedriverVersion: 86.0.4240.22 (398b0743353ff..., userDataDir: C:\Users\newst\AppData\Loca...}, goog:chromeOptions: {debuggerAddress: localhost:60933}, javascriptEnabled: true, networkConnectionEnabled: false, pageLoadStrategy: normal, platform: WINDOWS, platformName: WINDOWS, proxy: Proxy(), setWindowRect: true, strictFileInteractability: false, timeouts: {implicit: 0, pageLoad: 300000, script: 30000}, unhandledPromptBehavior: dismiss and notify, webauthn:virtualAuthenticators: true}
Session ID: abda516d483ec10e08e99affd2a323fc
	at ru.stqa.maven.AppTest.myFirstTest(AppTest.java:37)
]]></error>
    <system-err><![CDATA[Starting ChromeDriver 86.0.4240.22 (398b0743353ff36fb1b82468f63a3a93b4e2e89e-refs/branch-heads/4240@{#378}) on port 9608
Only local connections are allowed.
Please see https://chromedriver.chromium.org/security-considerations for suggestions on keeping ChromeDriver safe.
ChromeDriver was started successfully.
[1606324616.352][WARNING]: This version of ChromeDriver has not been tested with Chrome version 87.
нояб. 25, 2020 8:16:58 PM org.openqa.selenium.remote.ProtocolHandshake createSession
INFO: Detected dialect: W3C
]]></system-err>
  </testcase>
</testsuite>